[2026-02-20T03:50:07.505+0000] {taskinstance.py:1956} INFO - Dependencies all met for dep_context=non-requeueable deps ti=<TaskInstance: run_python_script_15min.run_script_with_bash scheduled__2026-02-20T03:30:00+00:00 [queued]>
[2026-02-20T03:50:07.514+0000] {taskinstance.py:1956} INFO - Dependencies all met for dep_context=requeueable deps ti=<TaskInstance: run_python_script_15min.run_script_with_bash scheduled__2026-02-20T03:30:00+00:00 [queued]>
[2026-02-20T03:50:07.515+0000] {taskinstance.py:2170} INFO - Starting attempt 2 of 2
[2026-02-20T03:50:07.528+0000] {taskinstance.py:2191} INFO - Executing <Task(BashOperator): run_script_with_bash> on 2026-02-20 03:30:00+00:00
[2026-02-20T03:50:07.534+0000] {standard_task_runner.py:60} INFO - Started process 33273 to run task
[2026-02-20T03:50:07.539+0000] {standard_task_runner.py:87} INFO - Running: ['***', 'tasks', 'run', 'run_python_script_15min', 'run_script_with_bash', 'scheduled__2026-02-20T03:30:00+00:00', '--job-id', '187', '--raw', '--subdir', 'DAGS_FOLDER/check_lag_dag.py', '--cfg-path', '/tmp/tmporkytyf9']
[2026-02-20T03:50:07.543+0000] {standard_task_runner.py:88} INFO - Job 187: Subtask run_script_with_bash
[2026-02-20T03:50:07.603+0000] {task_command.py:423} INFO - Running <TaskInstance: run_python_script_15min.run_script_with_bash scheduled__2026-02-20T03:30:00+00:00 [running]> on host d47ca292ab05
[2026-02-20T03:50:07.704+0000] {taskinstance.py:2480} INFO - Exporting env vars: AIRFLOW_CTX_DAG_OWNER='***' AIRFLOW_CTX_DAG_ID='run_python_script_15min' AIRFLOW_CTX_TASK_ID='run_script_with_bash' AIRFLOW_CTX_EXECUTION_DATE='2026-02-20T03:30:00+00:00' AIRFLOW_CTX_TRY_NUMBER='2' AIRFLOW_CTX_DAG_RUN_ID='scheduled__2026-02-20T03:30:00+00:00'
[2026-02-20T03:50:07.705+0000] {subprocess.py:63} INFO - Tmp dir root location: /tmp
[2026-02-20T03:50:07.706+0000] {subprocess.py:75} INFO - Running command: ['/usr/bin/bash', '-c', 'cd /opt/***/scripts && pip install -q -r requirements.txt && python script.py']
[2026-02-20T03:50:07.716+0000] {subprocess.py:86} INFO - Output:
[2026-02-20T03:50:12.013+0000] {subprocess.py:93} INFO - 
[2026-02-20T03:50:12.013+0000] {subprocess.py:93} INFO - [notice] A new release of pip is available: 23.3.2 -> 26.0.1
[2026-02-20T03:50:12.013+0000] {subprocess.py:93} INFO - [notice] To update, run: python -m pip install --upgrade pip
[2026-02-20T03:50:12.964+0000] {subprocess.py:93} INFO - 2026-02-20 03:50:12,964 | INFO     | Running for ðŸ”µ Blue Environment
[2026-02-20T03:50:12.969+0000] {subprocess.py:93} INFO - 2026-02-20 03:50:12,969 | WARNING  | Retrying (Retry(total=0, connect=None, read=None, redirect=0, status=None)) after connection broken by 'NameResolutionError("<urllib3.connection.HTTPSConnection object at 0x7117711fac90>: Failed to resolve 'ch-new.callcourier.com.pk' ([Errno -3] Temporary failure in name resolution)")': /?query_id=5cdb3599-6621-4a49-b698-315b2e08216a
[2026-02-20T03:50:12.971+0000] {subprocess.py:93} INFO - 2026-02-20 03:50:12,971 | WARNING  | Unexpected Http Driver Exception
[2026-02-20T03:50:12.972+0000] {subprocess.py:93} INFO - Traceback (most recent call last):
[2026-02-20T03:50:12.972+0000] {subprocess.py:93} INFO -   File "/home/***/.local/lib/python3.11/site-packages/urllib3/connection.py", line 203, in _new_conn
[2026-02-20T03:50:12.972+0000] {subprocess.py:93} INFO -     sock = connection.create_connection(
[2026-02-20T03:50:12.972+0000] {subprocess.py:93} INFO -            ^^^^^^^^^^^^^^^^^^^^^^^^^^^^^
[2026-02-20T03:50:12.973+0000] {subprocess.py:93} INFO -   File "/home/***/.local/lib/python3.11/site-packages/urllib3/util/connection.py", line 60, in create_connection
[2026-02-20T03:50:12.973+0000] {subprocess.py:93} INFO -     for res in socket.getaddrinfo(host, port, family, socket.SOCK_STREAM):
[2026-02-20T03:50:12.973+0000] {subprocess.py:93} INFO -                ^^^^^^^^^^^^^^^^^^^^^^^^^^^^^^^^^^^^^^^^^^^^^^^^^^^^^^^^^^
[2026-02-20T03:50:12.973+0000] {subprocess.py:93} INFO -   File "/usr/local/lib/python3.11/socket.py", line 962, in getaddrinfo
[2026-02-20T03:50:12.974+0000] {subprocess.py:93} INFO -     for res in _socket.getaddrinfo(host, port, family, type, proto, flags):
[2026-02-20T03:50:12.974+0000] {subprocess.py:93} INFO -                ^^^^^^^^^^^^^^^^^^^^^^^^^^^^^^^^^^^^^^^^^^^^^^^^^^^^^^^^^^^
[2026-02-20T03:50:12.974+0000] {subprocess.py:93} INFO - socket.gaierror: [Errno -3] Temporary failure in name resolution
[2026-02-20T03:50:12.974+0000] {subprocess.py:93} INFO - 
[2026-02-20T03:50:12.975+0000] {subprocess.py:93} INFO - The above exception was the direct cause of the following exception:
[2026-02-20T03:50:12.975+0000] {subprocess.py:93} INFO - 
[2026-02-20T03:50:12.975+0000] {subprocess.py:93} INFO - Traceback (most recent call last):
[2026-02-20T03:50:12.975+0000] {subprocess.py:93} INFO -   File "/home/***/.local/lib/python3.11/site-packages/urllib3/connectionpool.py", line 791, in urlopen
[2026-02-20T03:50:12.975+0000] {subprocess.py:93} INFO -     response = self._make_request(
[2026-02-20T03:50:12.976+0000] {subprocess.py:93} INFO -                ^^^^^^^^^^^^^^^^^^^
[2026-02-20T03:50:12.976+0000] {subprocess.py:93} INFO -   File "/home/***/.local/lib/python3.11/site-packages/urllib3/connectionpool.py", line 492, in _make_request
[2026-02-20T03:50:12.976+0000] {subprocess.py:93} INFO -     raise new_e
[2026-02-20T03:50:12.976+0000] {subprocess.py:93} INFO -   File "/home/***/.local/lib/python3.11/site-packages/urllib3/connectionpool.py", line 468, in _make_request
[2026-02-20T03:50:12.977+0000] {subprocess.py:93} INFO -     self._validate_conn(conn)
[2026-02-20T03:50:12.977+0000] {subprocess.py:93} INFO -   File "/home/***/.local/lib/python3.11/site-packages/urllib3/connectionpool.py", line 1097, in _validate_conn
[2026-02-20T03:50:12.977+0000] {subprocess.py:93} INFO -     conn.connect()
[2026-02-20T03:50:12.977+0000] {subprocess.py:93} INFO -   File "/home/***/.local/lib/python3.11/site-packages/urllib3/connection.py", line 611, in connect
[2026-02-20T03:50:12.978+0000] {subprocess.py:93} INFO -     self.sock = sock = self._new_conn()
[2026-02-20T03:50:12.978+0000] {subprocess.py:93} INFO -                        ^^^^^^^^^^^^^^^^
[2026-02-20T03:50:12.978+0000] {subprocess.py:93} INFO -   File "/home/***/.local/lib/python3.11/site-packages/urllib3/connection.py", line 210, in _new_conn
[2026-02-20T03:50:12.978+0000] {subprocess.py:93} INFO -     raise NameResolutionError(self.host, self, e) from e
[2026-02-20T03:50:12.979+0000] {subprocess.py:93} INFO - urllib3.exceptions.NameResolutionError: <urllib3.connection.HTTPSConnection object at 0x7117711f9610>: Failed to resolve 'ch-new.callcourier.com.pk' ([Errno -3] Temporary failure in name resolution)
[2026-02-20T03:50:12.979+0000] {subprocess.py:93} INFO - 
[2026-02-20T03:50:12.979+0000] {subprocess.py:93} INFO - The above exception was the direct cause of the following exception:
[2026-02-20T03:50:12.979+0000] {subprocess.py:93} INFO - 
[2026-02-20T03:50:12.980+0000] {subprocess.py:93} INFO - Traceback (most recent call last):
[2026-02-20T03:50:12.980+0000] {subprocess.py:93} INFO -   File "/home/***/.local/lib/python3.11/site-packages/clickhouse_connect/driver/httpclient.py", line 542, in _raw_request
[2026-02-20T03:50:12.980+0000] {subprocess.py:93} INFO -     response = self.http.request(method, url, **kwargs)
[2026-02-20T03:50:12.980+0000] {subprocess.py:93} INFO -                ^^^^^^^^^^^^^^^^^^^^^^^^^^^^^^^^^^^^^^^^
[2026-02-20T03:50:12.980+0000] {subprocess.py:93} INFO -   File "/home/***/.local/lib/python3.11/site-packages/urllib3/_request_methods.py", line 118, in request
[2026-02-20T03:50:12.981+0000] {subprocess.py:93} INFO -     return self.request_encode_body(
[2026-02-20T03:50:12.981+0000] {subprocess.py:93} INFO -            ^^^^^^^^^^^^^^^^^^^^^^^^^
[2026-02-20T03:50:12.981+0000] {subprocess.py:93} INFO -   File "/home/***/.local/lib/python3.11/site-packages/urllib3/_request_methods.py", line 217, in request_encode_body
[2026-02-20T03:50:12.981+0000] {subprocess.py:93} INFO -     return self.urlopen(method, url, **extra_kw)
[2026-02-20T03:50:12.981+0000] {subprocess.py:93} INFO -            ^^^^^^^^^^^^^^^^^^^^^^^^^^^^^^^^^^^^^
[2026-02-20T03:50:12.982+0000] {subprocess.py:93} INFO -   File "/home/***/.local/lib/python3.11/site-packages/urllib3/poolmanager.py", line 443, in urlopen
[2026-02-20T03:50:12.982+0000] {subprocess.py:93} INFO -     response = conn.urlopen(method, u.request_uri, **kw)
[2026-02-20T03:50:12.982+0000] {subprocess.py:93} INFO -                ^^^^^^^^^^^^^^^^^^^^^^^^^^^^^^^^^^^^^^^^^
[2026-02-20T03:50:12.982+0000] {subprocess.py:93} INFO -   File "/home/***/.local/lib/python3.11/site-packages/urllib3/connectionpool.py", line 875, in urlopen
[2026-02-20T03:50:12.983+0000] {subprocess.py:93} INFO -     return self.urlopen(
[2026-02-20T03:50:12.983+0000] {subprocess.py:93} INFO -            ^^^^^^^^^^^^^
[2026-02-20T03:50:12.983+0000] {subprocess.py:93} INFO -   File "/home/***/.local/lib/python3.11/site-packages/urllib3/connectionpool.py", line 845, in urlopen
[2026-02-20T03:50:12.983+0000] {subprocess.py:93} INFO -     retries = retries.increment(
[2026-02-20T03:50:12.984+0000] {subprocess.py:93} INFO -               ^^^^^^^^^^^^^^^^^^
[2026-02-20T03:50:12.984+0000] {subprocess.py:93} INFO -   File "/home/***/.local/lib/python3.11/site-packages/urllib3/util/retry.py", line 515, in increment
[2026-02-20T03:50:12.984+0000] {subprocess.py:93} INFO -     raise MaxRetryError(_pool, url, reason) from reason  # type: ignore[arg-type]
[2026-02-20T03:50:12.984+0000] {subprocess.py:93} INFO -     ^^^^^^^^^^^^^^^^^^^^^^^^^^^^^^^^^^^^^^^^^^^^^^^^^^^
[2026-02-20T03:50:12.984+0000] {subprocess.py:93} INFO - urllib3.exceptions.MaxRetryError: HTTPSConnectionPool(host='ch-new.callcourier.com.pk', port=443): Max retries exceeded with url: /?query_id=5cdb3599-6621-4a49-b698-315b2e08216a (Caused by NameResolutionError("<urllib3.connection.HTTPSConnection object at 0x7117711f9610>: Failed to resolve 'ch-new.callcourier.com.pk' ([Errno -3] Temporary failure in name resolution)"))
[2026-02-20T03:50:12.985+0000] {subprocess.py:93} INFO - 
[2026-02-20T03:50:12.985+0000] {subprocess.py:93} INFO - The above exception was the direct cause of the following exception:
[2026-02-20T03:50:12.985+0000] {subprocess.py:93} INFO - 
[2026-02-20T03:50:12.985+0000] {subprocess.py:93} INFO - Traceback (most recent call last):
[2026-02-20T03:50:12.985+0000] {subprocess.py:93} INFO -   File "/opt/***/scripts/script.py", line 302, in <module>
[2026-02-20T03:50:12.986+0000] {subprocess.py:93} INFO -     App().run()
[2026-02-20T03:50:12.986+0000] {subprocess.py:93} INFO -   File "/opt/***/scripts/script.py", line 287, in run
[2026-02-20T03:50:12.986+0000] {subprocess.py:93} INFO -     ch_tables = ClickHouseClient(config).fetch_tables()
[2026-02-20T03:50:12.986+0000] {subprocess.py:93} INFO -                 ^^^^^^^^^^^^^^^^^^^^^^^^
[2026-02-20T03:50:12.987+0000] {subprocess.py:93} INFO -   File "/opt/***/scripts/script.py", line 114, in __init__
[2026-02-20T03:50:12.987+0000] {subprocess.py:93} INFO -     self.client = clickhouse_connect.get_client(
[2026-02-20T03:50:12.987+0000] {subprocess.py:93} INFO -                   ^^^^^^^^^^^^^^^^^^^^^^^^^^^^^^
[2026-02-20T03:50:12.987+0000] {subprocess.py:93} INFO -   File "/home/***/.local/lib/python3.11/site-packages/clickhouse_connect/driver/__init__.py", line 130, in create_client
[2026-02-20T03:50:12.988+0000] {subprocess.py:93} INFO -     return HttpClient(interface, host, port, username, password, database, access_token,
[2026-02-20T03:50:12.988+0000] {subprocess.py:93} INFO -            ^^^^^^^^^^^^^^^^^^^^^^^^^^^^^^^^^^^^^^^^^^^^^^^^^^^^^^^^^^^^^^^^^^^^^^^^^^^^^
[2026-02-20T03:50:12.988+0000] {subprocess.py:93} INFO -   File "/home/***/.local/lib/python3.11/site-packages/clickhouse_connect/driver/httpclient.py", line 182, in __init__
[2026-02-20T03:50:12.988+0000] {subprocess.py:93} INFO -     super().__init__(database=database,
[2026-02-20T03:50:12.988+0000] {subprocess.py:93} INFO -   File "/home/***/.local/lib/python3.11/site-packages/clickhouse_connect/driver/client.py", line 99, in __init__
[2026-02-20T03:50:12.989+0000] {subprocess.py:93} INFO -     self._init_common_settings(apply_server_timezone)
[2026-02-20T03:50:12.989+0000] {subprocess.py:93} INFO -   File "/home/***/.local/lib/python3.11/site-packages/clickhouse_connect/driver/client.py", line 104, in _init_common_settings
[2026-02-20T03:50:12.989+0000] {subprocess.py:93} INFO -     tuple(self.command('SELECT version(), timezone()', use_database=False))
[2026-02-20T03:50:12.989+0000] {subprocess.py:93} INFO -           ^^^^^^^^^^^^^^^^^^^^^^^^^^^^^^^^^^^^^^^^^^^^^^^^^^^^^^^^^^^^^^^^
[2026-02-20T03:50:12.990+0000] {subprocess.py:93} INFO -   File "/home/***/.local/lib/python3.11/site-packages/clickhouse_connect/driver/httpclient.py", line 428, in command
[2026-02-20T03:50:12.990+0000] {subprocess.py:93} INFO -     response = self._raw_request(payload, params, headers, method, fields=fields, server_wait=False)
[2026-02-20T03:50:12.990+0000] {subprocess.py:93} INFO -                ^^^^^^^^^^^^^^^^^^^^^^^^^^^^^^^^^^^^^^^^^^^^^^^^^^^^^^^^^^^^^^^^^^^^^^^^^^^^^^^^^^^^^
[2026-02-20T03:50:12.990+0000] {subprocess.py:93} INFO -   File "/home/***/.local/lib/python3.11/site-packages/clickhouse_connect/driver/httpclient.py", line 554, in _raw_request
[2026-02-20T03:50:12.990+0000] {subprocess.py:93} INFO -     raise OperationalError(f'Error {ex} executing HTTP request attempt {attempts}{err_url}') from ex
[2026-02-20T03:50:12.991+0000] {subprocess.py:93} INFO - clickhouse_connect.driver.exceptions.OperationalError: Error HTTPSConnectionPool(host='ch-new.callcourier.com.pk', port=443): Max retries exceeded with url: /?query_id=5cdb3599-6621-4a49-b698-315b2e08216a (Caused by NameResolutionError("<urllib3.connection.HTTPSConnection object at 0x7117711f9610>: Failed to resolve 'ch-new.callcourier.com.pk' ([Errno -3] Temporary failure in name resolution)")) executing HTTP request attempt 1 (https://ch-new.callcourier.com.pk:443)
[2026-02-20T03:50:13.069+0000] {subprocess.py:97} INFO - Command exited with return code 1
[2026-02-20T03:50:13.085+0000] {taskinstance.py:2698} ERROR - Task failed with exception
Traceback (most recent call last):
  File "/home/airflow/.local/lib/python3.11/site-packages/airflow/models/taskinstance.py", line 433, in _execute_task
    result = execute_callable(context=context, **execute_callable_kwargs)
             ^^^^^^^^^^^^^^^^^^^^^^^^^^^^^^^^^^^^^^^^^^^^^^^^^^^^^^^^^^^^
  File "/home/airflow/.local/lib/python3.11/site-packages/airflow/operators/bash.py", line 212, in execute
    raise AirflowException(
airflow.exceptions.AirflowException: Bash command failed. The command returned a non-zero exit code 1.
[2026-02-20T03:50:13.089+0000] {taskinstance.py:1138} INFO - Marking task as FAILED. dag_id=run_python_script_15min, task_id=run_script_with_bash, execution_date=20260220T033000, start_date=20260220T035007, end_date=20260220T035013
[2026-02-20T03:50:13.104+0000] {standard_task_runner.py:107} ERROR - Failed to execute job 187 for task run_script_with_bash (Bash command failed. The command returned a non-zero exit code 1.; 33273)
[2026-02-20T03:50:13.124+0000] {local_task_job_runner.py:234} INFO - Task exited with return code 1
[2026-02-20T03:50:13.142+0000] {taskinstance.py:3280} INFO - 0 downstream tasks scheduled from follow-on schedule check
