[2026-02-14T23:06:27.209+0000] {taskinstance.py:1956} INFO - Dependencies all met for dep_context=non-requeueable deps ti=<TaskInstance: run_python_script_15min.run_script_with_bash scheduled__2026-02-14T22:45:00+00:00 [queued]>
[2026-02-14T23:06:27.219+0000] {taskinstance.py:1956} INFO - Dependencies all met for dep_context=requeueable deps ti=<TaskInstance: run_python_script_15min.run_script_with_bash scheduled__2026-02-14T22:45:00+00:00 [queued]>
[2026-02-14T23:06:27.219+0000] {taskinstance.py:2170} INFO - Starting attempt 2 of 2
[2026-02-14T23:06:27.232+0000] {taskinstance.py:2191} INFO - Executing <Task(BashOperator): run_script_with_bash> on 2026-02-14 22:45:00+00:00
[2026-02-14T23:06:27.239+0000] {standard_task_runner.py:60} INFO - Started process 50871 to run task
[2026-02-14T23:06:27.244+0000] {standard_task_runner.py:87} INFO - Running: ['***', 'tasks', 'run', 'run_python_script_15min', 'run_script_with_bash', 'scheduled__2026-02-14T22:45:00+00:00', '--job-id', '267', '--raw', '--subdir', 'DAGS_FOLDER/check_lag_dag.py', '--cfg-path', '/tmp/tmp1s0ggsw8']
[2026-02-14T23:06:27.248+0000] {standard_task_runner.py:88} INFO - Job 267: Subtask run_script_with_bash
[2026-02-14T23:06:27.308+0000] {task_command.py:423} INFO - Running <TaskInstance: run_python_script_15min.run_script_with_bash scheduled__2026-02-14T22:45:00+00:00 [running]> on host 605a2f14a00a
[2026-02-14T23:06:27.408+0000] {taskinstance.py:2480} INFO - Exporting env vars: AIRFLOW_CTX_DAG_OWNER='***' AIRFLOW_CTX_DAG_ID='run_python_script_15min' AIRFLOW_CTX_TASK_ID='run_script_with_bash' AIRFLOW_CTX_EXECUTION_DATE='2026-02-14T22:45:00+00:00' AIRFLOW_CTX_TRY_NUMBER='2' AIRFLOW_CTX_DAG_RUN_ID='scheduled__2026-02-14T22:45:00+00:00'
[2026-02-14T23:06:27.409+0000] {subprocess.py:63} INFO - Tmp dir root location: /tmp
[2026-02-14T23:06:27.410+0000] {subprocess.py:75} INFO - Running command: ['/usr/bin/bash', '-c', 'cd /opt/***/scripts && pip install -q -r requirements.txt && python script.py']
[2026-02-14T23:06:27.423+0000] {subprocess.py:86} INFO - Output:
[2026-02-14T23:06:31.878+0000] {subprocess.py:93} INFO - 
[2026-02-14T23:06:31.879+0000] {subprocess.py:93} INFO - [notice] A new release of pip is available: 23.3.2 -> 26.0.1
[2026-02-14T23:06:31.879+0000] {subprocess.py:93} INFO - [notice] To update, run: python -m pip install --upgrade pip
[2026-02-14T23:06:32.934+0000] {subprocess.py:93} INFO - 2026-02-14 23:06:32,934 | INFO     | Running for ðŸ”µ Blue Environment
[2026-02-14T23:06:54.427+0000] {subprocess.py:93} INFO - ClickHouse [ch-new.callcourier.com.pk]:   0%|          | 0/161 [00:00<?, ?it/s]ClickHouse [ch-new.callcourier.com.pk]:  10%|â–‰         | 16/161 [00:00<00:00, 151.02it/s]ClickHouse [ch-new.callcourier.com.pk]:  42%|â–ˆâ–ˆâ–ˆâ–ˆâ–     | 67/161 [00:00<00:00, 355.64it/s]ClickHouse [ch-new.callcourier.com.pk]:  64%|â–ˆâ–ˆâ–ˆâ–ˆâ–ˆâ–ˆâ–   | 103/161 [00:07<00:05, 10.53it/s]ClickHouse [ch-new.callcourier.com.pk]:  76%|â–ˆâ–ˆâ–ˆâ–ˆâ–ˆâ–ˆâ–ˆâ–‹  | 123/161 [00:12<00:05,  7.14it/s]ClickHouse [ch-new.callcourier.com.pk]:  84%|â–ˆâ–ˆâ–ˆâ–ˆâ–ˆâ–ˆâ–ˆâ–ˆâ– | 136/161 [00:14<00:03,  7.42it/s]ClickHouse [ch-new.callcourier.com.pk]: 100%|â–ˆâ–ˆâ–ˆâ–ˆâ–ˆâ–ˆâ–ˆâ–ˆâ–ˆâ–ˆ| 161/161 [00:14<00:00, 11.14it/s]
[2026-02-14T23:10:33.629+0000] {subprocess.py:93} INFO - Traceback (most recent call last):
[2026-02-14T23:10:33.629+0000] {subprocess.py:93} INFO -   File "/home/***/.local/lib/python3.11/site-packages/pandas/io/sql.py", line 2262, in execute
[2026-02-14T23:10:33.630+0000] {subprocess.py:93} INFO -     cur.execute(sql, *args)
[2026-02-14T23:10:33.631+0000] {subprocess.py:93} INFO - pyodbc.Error: ('40001', '[40001] [Microsoft][ODBC Driver 18 for SQL Server][SQL Server]Transaction (Process ID 122) was deadlocked on lock resources with another process and has been chosen as the deadlock victim. Rerun the transaction. (1205) (SQLExecDirectW)')
[2026-02-14T23:10:33.631+0000] {subprocess.py:93} INFO - 
[2026-02-14T23:10:33.631+0000] {subprocess.py:93} INFO - The above exception was the direct cause of the following exception:
[2026-02-14T23:10:33.631+0000] {subprocess.py:93} INFO - 
[2026-02-14T23:10:33.631+0000] {subprocess.py:93} INFO - Traceback (most recent call last):
[2026-02-14T23:10:33.632+0000] {subprocess.py:93} INFO -   File "/opt/***/scripts/script.py", line 302, in <module>
[2026-02-14T23:10:33.632+0000] {subprocess.py:93} INFO -     App().run()
[2026-02-14T23:10:33.632+0000] {subprocess.py:93} INFO -   File "/opt/***/scripts/script.py", line 288, in run
[2026-02-14T23:10:33.632+0000] {subprocess.py:93} INFO -     sql_tables = SQLServerClient(config).fetch_tables()
[2026-02-14T23:10:33.633+0000] {subprocess.py:93} INFO -                  ^^^^^^^^^^^^^^^^^^^^^^^^^^^^^^^^^^^^^^
[2026-02-14T23:10:33.633+0000] {subprocess.py:93} INFO -   File "/opt/***/scripts/script.py", line 165, in fetch_tables
[2026-02-14T23:10:33.633+0000] {subprocess.py:93} INFO -     df = pd.read_sql(query, conn)
[2026-02-14T23:10:33.633+0000] {subprocess.py:93} INFO -          ^^^^^^^^^^^^^^^^^^^^^^^^
[2026-02-14T23:10:33.633+0000] {subprocess.py:93} INFO -   File "/home/***/.local/lib/python3.11/site-packages/pandas/io/sql.py", line 654, in read_sql
[2026-02-14T23:10:33.634+0000] {subprocess.py:93} INFO -     return pandas_sql.read_query(
[2026-02-14T23:10:33.634+0000] {subprocess.py:93} INFO -            ^^^^^^^^^^^^^^^^^^^^^^
[2026-02-14T23:10:33.634+0000] {subprocess.py:93} INFO -   File "/home/***/.local/lib/python3.11/site-packages/pandas/io/sql.py", line 2326, in read_query
[2026-02-14T23:10:33.634+0000] {subprocess.py:93} INFO -     cursor = self.execute(sql, params)
[2026-02-14T23:10:33.635+0000] {subprocess.py:93} INFO -              ^^^^^^^^^^^^^^^^^^^^^^^^^
[2026-02-14T23:10:33.635+0000] {subprocess.py:93} INFO -   File "/home/***/.local/lib/python3.11/site-packages/pandas/io/sql.py", line 2274, in execute
[2026-02-14T23:10:33.635+0000] {subprocess.py:93} INFO -     raise ex from exc
[2026-02-14T23:10:33.635+0000] {subprocess.py:93} INFO - pandas.errors.DatabaseError: Execution failed on sql '
[2026-02-14T23:10:33.635+0000] {subprocess.py:93} INFO -         SELECT s.name schema_name, t.name table_name, SUM(p.rows) row_count
[2026-02-14T23:10:33.636+0000] {subprocess.py:93} INFO -         FROM sys.tables t
[2026-02-14T23:10:33.636+0000] {subprocess.py:93} INFO -         JOIN sys.schemas s ON s.schema_id = t.schema_id
[2026-02-14T23:10:33.636+0000] {subprocess.py:93} INFO -         JOIN sys.partitions p ON p.object_id = t.object_id
[2026-02-14T23:10:33.636+0000] {subprocess.py:93} INFO -         WHERE p.index_id IN (0,1)
[2026-02-14T23:10:33.636+0000] {subprocess.py:93} INFO -         GROUP BY s.name, t.name
[2026-02-14T23:10:33.637+0000] {subprocess.py:93} INFO -         ': ('40001', '[40001] [Microsoft][ODBC Driver 18 for SQL Server][SQL Server]Transaction (Process ID 122) was deadlocked on lock resources with another process and has been chosen as the deadlock victim. Rerun the transaction. (1205) (SQLExecDirectW)')
[2026-02-14T23:10:33.761+0000] {subprocess.py:97} INFO - Command exited with return code 1
[2026-02-14T23:10:33.777+0000] {taskinstance.py:2698} ERROR - Task failed with exception
Traceback (most recent call last):
  File "/home/airflow/.local/lib/python3.11/site-packages/airflow/models/taskinstance.py", line 433, in _execute_task
    result = execute_callable(context=context, **execute_callable_kwargs)
             ^^^^^^^^^^^^^^^^^^^^^^^^^^^^^^^^^^^^^^^^^^^^^^^^^^^^^^^^^^^^
  File "/home/airflow/.local/lib/python3.11/site-packages/airflow/operators/bash.py", line 212, in execute
    raise AirflowException(
airflow.exceptions.AirflowException: Bash command failed. The command returned a non-zero exit code 1.
[2026-02-14T23:10:33.782+0000] {taskinstance.py:1138} INFO - Marking task as FAILED. dag_id=run_python_script_15min, task_id=run_script_with_bash, execution_date=20260214T224500, start_date=20260214T230627, end_date=20260214T231033
[2026-02-14T23:10:33.798+0000] {standard_task_runner.py:107} ERROR - Failed to execute job 267 for task run_script_with_bash (Bash command failed. The command returned a non-zero exit code 1.; 50871)
[2026-02-14T23:10:33.840+0000] {local_task_job_runner.py:234} INFO - Task exited with return code 1
[2026-02-14T23:10:33.861+0000] {taskinstance.py:3280} INFO - 0 downstream tasks scheduled from follow-on schedule check
