[2026-02-20T03:35:06.745+0000] {taskinstance.py:1956} INFO - Dependencies all met for dep_context=non-requeueable deps ti=<TaskInstance: run_python_script_15min.run_script_with_bash scheduled__2026-02-20T03:15:00+00:00 [queued]>
[2026-02-20T03:35:06.754+0000] {taskinstance.py:1956} INFO - Dependencies all met for dep_context=requeueable deps ti=<TaskInstance: run_python_script_15min.run_script_with_bash scheduled__2026-02-20T03:15:00+00:00 [queued]>
[2026-02-20T03:35:06.754+0000] {taskinstance.py:2170} INFO - Starting attempt 2 of 2
[2026-02-20T03:35:06.767+0000] {taskinstance.py:2191} INFO - Executing <Task(BashOperator): run_script_with_bash> on 2026-02-20 03:15:00+00:00
[2026-02-20T03:35:06.773+0000] {standard_task_runner.py:60} INFO - Started process 32895 to run task
[2026-02-20T03:35:06.778+0000] {standard_task_runner.py:87} INFO - Running: ['***', 'tasks', 'run', 'run_python_script_15min', 'run_script_with_bash', 'scheduled__2026-02-20T03:15:00+00:00', '--job-id', '185', '--raw', '--subdir', 'DAGS_FOLDER/check_lag_dag.py', '--cfg-path', '/tmp/tmplh87dme0']
[2026-02-20T03:35:06.781+0000] {standard_task_runner.py:88} INFO - Job 185: Subtask run_script_with_bash
[2026-02-20T03:35:06.836+0000] {task_command.py:423} INFO - Running <TaskInstance: run_python_script_15min.run_script_with_bash scheduled__2026-02-20T03:15:00+00:00 [running]> on host d47ca292ab05
[2026-02-20T03:35:06.926+0000] {taskinstance.py:2480} INFO - Exporting env vars: AIRFLOW_CTX_DAG_OWNER='***' AIRFLOW_CTX_DAG_ID='run_python_script_15min' AIRFLOW_CTX_TASK_ID='run_script_with_bash' AIRFLOW_CTX_EXECUTION_DATE='2026-02-20T03:15:00+00:00' AIRFLOW_CTX_TRY_NUMBER='2' AIRFLOW_CTX_DAG_RUN_ID='scheduled__2026-02-20T03:15:00+00:00'
[2026-02-20T03:35:06.927+0000] {subprocess.py:63} INFO - Tmp dir root location: /tmp
[2026-02-20T03:35:06.928+0000] {subprocess.py:75} INFO - Running command: ['/usr/bin/bash', '-c', 'cd /opt/***/scripts && pip install -q -r requirements.txt && python script.py']
[2026-02-20T03:35:06.938+0000] {subprocess.py:86} INFO - Output:
[2026-02-20T03:35:11.005+0000] {subprocess.py:93} INFO - 
[2026-02-20T03:35:11.006+0000] {subprocess.py:93} INFO - [notice] A new release of pip is available: 23.3.2 -> 26.0.1
[2026-02-20T03:35:11.006+0000] {subprocess.py:93} INFO - [notice] To update, run: python -m pip install --upgrade pip
[2026-02-20T03:35:12.041+0000] {subprocess.py:93} INFO - 2026-02-20 03:35:12,040 | INFO     | Running for ðŸ”µ Blue Environment
[2026-02-20T03:35:12.046+0000] {subprocess.py:93} INFO - 2026-02-20 03:35:12,045 | WARNING  | Retrying (Retry(total=0, connect=None, read=None, redirect=0, status=None)) after connection broken by 'NameResolutionError("<urllib3.connection.HTTPSConnection object at 0x7c3e7092add0>: Failed to resolve 'ch-new.callcourier.com.pk' ([Errno -3] Temporary failure in name resolution)")': /?query_id=464472de-696f-4eff-9527-878184e4c231
[2026-02-20T03:35:12.048+0000] {subprocess.py:93} INFO - 2026-02-20 03:35:12,048 | WARNING  | Unexpected Http Driver Exception
[2026-02-20T03:35:12.048+0000] {subprocess.py:93} INFO - Traceback (most recent call last):
[2026-02-20T03:35:12.048+0000] {subprocess.py:93} INFO -   File "/home/***/.local/lib/python3.11/site-packages/urllib3/connection.py", line 203, in _new_conn
[2026-02-20T03:35:12.049+0000] {subprocess.py:93} INFO -     sock = connection.create_connection(
[2026-02-20T03:35:12.049+0000] {subprocess.py:93} INFO -            ^^^^^^^^^^^^^^^^^^^^^^^^^^^^^
[2026-02-20T03:35:12.049+0000] {subprocess.py:93} INFO -   File "/home/***/.local/lib/python3.11/site-packages/urllib3/util/connection.py", line 60, in create_connection
[2026-02-20T03:35:12.049+0000] {subprocess.py:93} INFO -     for res in socket.getaddrinfo(host, port, family, socket.SOCK_STREAM):
[2026-02-20T03:35:12.049+0000] {subprocess.py:93} INFO -                ^^^^^^^^^^^^^^^^^^^^^^^^^^^^^^^^^^^^^^^^^^^^^^^^^^^^^^^^^^
[2026-02-20T03:35:12.050+0000] {subprocess.py:93} INFO -   File "/usr/local/lib/python3.11/socket.py", line 962, in getaddrinfo
[2026-02-20T03:35:12.050+0000] {subprocess.py:93} INFO -     for res in _socket.getaddrinfo(host, port, family, type, proto, flags):
[2026-02-20T03:35:12.050+0000] {subprocess.py:93} INFO -                ^^^^^^^^^^^^^^^^^^^^^^^^^^^^^^^^^^^^^^^^^^^^^^^^^^^^^^^^^^^
[2026-02-20T03:35:12.050+0000] {subprocess.py:93} INFO - socket.gaierror: [Errno -3] Temporary failure in name resolution
[2026-02-20T03:35:12.050+0000] {subprocess.py:93} INFO - 
[2026-02-20T03:35:12.051+0000] {subprocess.py:93} INFO - The above exception was the direct cause of the following exception:
[2026-02-20T03:35:12.051+0000] {subprocess.py:93} INFO - 
[2026-02-20T03:35:12.051+0000] {subprocess.py:93} INFO - Traceback (most recent call last):
[2026-02-20T03:35:12.051+0000] {subprocess.py:93} INFO -   File "/home/***/.local/lib/python3.11/site-packages/urllib3/connectionpool.py", line 791, in urlopen
[2026-02-20T03:35:12.051+0000] {subprocess.py:93} INFO -     response = self._make_request(
[2026-02-20T03:35:12.052+0000] {subprocess.py:93} INFO -                ^^^^^^^^^^^^^^^^^^^
[2026-02-20T03:35:12.052+0000] {subprocess.py:93} INFO -   File "/home/***/.local/lib/python3.11/site-packages/urllib3/connectionpool.py", line 492, in _make_request
[2026-02-20T03:35:12.052+0000] {subprocess.py:93} INFO -     raise new_e
[2026-02-20T03:35:12.052+0000] {subprocess.py:93} INFO -   File "/home/***/.local/lib/python3.11/site-packages/urllib3/connectionpool.py", line 468, in _make_request
[2026-02-20T03:35:12.052+0000] {subprocess.py:93} INFO -     self._validate_conn(conn)
[2026-02-20T03:35:12.053+0000] {subprocess.py:93} INFO -   File "/home/***/.local/lib/python3.11/site-packages/urllib3/connectionpool.py", line 1097, in _validate_conn
[2026-02-20T03:35:12.053+0000] {subprocess.py:93} INFO -     conn.connect()
[2026-02-20T03:35:12.053+0000] {subprocess.py:93} INFO -   File "/home/***/.local/lib/python3.11/site-packages/urllib3/connection.py", line 611, in connect
[2026-02-20T03:35:12.053+0000] {subprocess.py:93} INFO -     self.sock = sock = self._new_conn()
[2026-02-20T03:35:12.054+0000] {subprocess.py:93} INFO -                        ^^^^^^^^^^^^^^^^
[2026-02-20T03:35:12.054+0000] {subprocess.py:93} INFO -   File "/home/***/.local/lib/python3.11/site-packages/urllib3/connection.py", line 210, in _new_conn
[2026-02-20T03:35:12.054+0000] {subprocess.py:93} INFO -     raise NameResolutionError(self.host, self, e) from e
[2026-02-20T03:35:12.054+0000] {subprocess.py:93} INFO - urllib3.exceptions.NameResolutionError: <urllib3.connection.HTTPSConnection object at 0x7c3e70929550>: Failed to resolve 'ch-new.callcourier.com.pk' ([Errno -3] Temporary failure in name resolution)
[2026-02-20T03:35:12.054+0000] {subprocess.py:93} INFO - 
[2026-02-20T03:35:12.055+0000] {subprocess.py:93} INFO - The above exception was the direct cause of the following exception:
[2026-02-20T03:35:12.055+0000] {subprocess.py:93} INFO - 
[2026-02-20T03:35:12.055+0000] {subprocess.py:93} INFO - Traceback (most recent call last):
[2026-02-20T03:35:12.055+0000] {subprocess.py:93} INFO -   File "/home/***/.local/lib/python3.11/site-packages/clickhouse_connect/driver/httpclient.py", line 542, in _raw_request
[2026-02-20T03:35:12.055+0000] {subprocess.py:93} INFO -     response = self.http.request(method, url, **kwargs)
[2026-02-20T03:35:12.056+0000] {subprocess.py:93} INFO -                ^^^^^^^^^^^^^^^^^^^^^^^^^^^^^^^^^^^^^^^^
[2026-02-20T03:35:12.056+0000] {subprocess.py:93} INFO -   File "/home/***/.local/lib/python3.11/site-packages/urllib3/_request_methods.py", line 118, in request
[2026-02-20T03:35:12.056+0000] {subprocess.py:93} INFO -     return self.request_encode_body(
[2026-02-20T03:35:12.056+0000] {subprocess.py:93} INFO -            ^^^^^^^^^^^^^^^^^^^^^^^^^
[2026-02-20T03:35:12.056+0000] {subprocess.py:93} INFO -   File "/home/***/.local/lib/python3.11/site-packages/urllib3/_request_methods.py", line 217, in request_encode_body
[2026-02-20T03:35:12.057+0000] {subprocess.py:93} INFO -     return self.urlopen(method, url, **extra_kw)
[2026-02-20T03:35:12.057+0000] {subprocess.py:93} INFO -            ^^^^^^^^^^^^^^^^^^^^^^^^^^^^^^^^^^^^^
[2026-02-20T03:35:12.057+0000] {subprocess.py:93} INFO -   File "/home/***/.local/lib/python3.11/site-packages/urllib3/poolmanager.py", line 443, in urlopen
[2026-02-20T03:35:12.057+0000] {subprocess.py:93} INFO -     response = conn.urlopen(method, u.request_uri, **kw)
[2026-02-20T03:35:12.057+0000] {subprocess.py:93} INFO -                ^^^^^^^^^^^^^^^^^^^^^^^^^^^^^^^^^^^^^^^^^
[2026-02-20T03:35:12.058+0000] {subprocess.py:93} INFO -   File "/home/***/.local/lib/python3.11/site-packages/urllib3/connectionpool.py", line 875, in urlopen
[2026-02-20T03:35:12.058+0000] {subprocess.py:93} INFO -     return self.urlopen(
[2026-02-20T03:35:12.058+0000] {subprocess.py:93} INFO -            ^^^^^^^^^^^^^
[2026-02-20T03:35:12.058+0000] {subprocess.py:93} INFO -   File "/home/***/.local/lib/python3.11/site-packages/urllib3/connectionpool.py", line 845, in urlopen
[2026-02-20T03:35:12.058+0000] {subprocess.py:93} INFO -     retries = retries.increment(
[2026-02-20T03:35:12.059+0000] {subprocess.py:93} INFO -               ^^^^^^^^^^^^^^^^^^
[2026-02-20T03:35:12.059+0000] {subprocess.py:93} INFO -   File "/home/***/.local/lib/python3.11/site-packages/urllib3/util/retry.py", line 515, in increment
[2026-02-20T03:35:12.059+0000] {subprocess.py:93} INFO -     raise MaxRetryError(_pool, url, reason) from reason  # type: ignore[arg-type]
[2026-02-20T03:35:12.059+0000] {subprocess.py:93} INFO -     ^^^^^^^^^^^^^^^^^^^^^^^^^^^^^^^^^^^^^^^^^^^^^^^^^^^
[2026-02-20T03:35:12.059+0000] {subprocess.py:93} INFO - urllib3.exceptions.MaxRetryError: HTTPSConnectionPool(host='ch-new.callcourier.com.pk', port=443): Max retries exceeded with url: /?query_id=464472de-696f-4eff-9527-878184e4c231 (Caused by NameResolutionError("<urllib3.connection.HTTPSConnection object at 0x7c3e70929550>: Failed to resolve 'ch-new.callcourier.com.pk' ([Errno -3] Temporary failure in name resolution)"))
[2026-02-20T03:35:12.060+0000] {subprocess.py:93} INFO - 
[2026-02-20T03:35:12.060+0000] {subprocess.py:93} INFO - The above exception was the direct cause of the following exception:
[2026-02-20T03:35:12.060+0000] {subprocess.py:93} INFO - 
[2026-02-20T03:35:12.060+0000] {subprocess.py:93} INFO - Traceback (most recent call last):
[2026-02-20T03:35:12.060+0000] {subprocess.py:93} INFO -   File "/opt/***/scripts/script.py", line 302, in <module>
[2026-02-20T03:35:12.060+0000] {subprocess.py:93} INFO -     App().run()
[2026-02-20T03:35:12.061+0000] {subprocess.py:93} INFO -   File "/opt/***/scripts/script.py", line 287, in run
[2026-02-20T03:35:12.061+0000] {subprocess.py:93} INFO -     ch_tables = ClickHouseClient(config).fetch_tables()
[2026-02-20T03:35:12.061+0000] {subprocess.py:93} INFO -                 ^^^^^^^^^^^^^^^^^^^^^^^^
[2026-02-20T03:35:12.061+0000] {subprocess.py:93} INFO -   File "/opt/***/scripts/script.py", line 114, in __init__
[2026-02-20T03:35:12.061+0000] {subprocess.py:93} INFO -     self.client = clickhouse_connect.get_client(
[2026-02-20T03:35:12.062+0000] {subprocess.py:93} INFO -                   ^^^^^^^^^^^^^^^^^^^^^^^^^^^^^^
[2026-02-20T03:35:12.062+0000] {subprocess.py:93} INFO -   File "/home/***/.local/lib/python3.11/site-packages/clickhouse_connect/driver/__init__.py", line 130, in create_client
[2026-02-20T03:35:12.062+0000] {subprocess.py:93} INFO -     return HttpClient(interface, host, port, username, password, database, access_token,
[2026-02-20T03:35:12.062+0000] {subprocess.py:93} INFO -            ^^^^^^^^^^^^^^^^^^^^^^^^^^^^^^^^^^^^^^^^^^^^^^^^^^^^^^^^^^^^^^^^^^^^^^^^^^^^^
[2026-02-20T03:35:12.062+0000] {subprocess.py:93} INFO -   File "/home/***/.local/lib/python3.11/site-packages/clickhouse_connect/driver/httpclient.py", line 182, in __init__
[2026-02-20T03:35:12.063+0000] {subprocess.py:93} INFO -     super().__init__(database=database,
[2026-02-20T03:35:12.063+0000] {subprocess.py:93} INFO -   File "/home/***/.local/lib/python3.11/site-packages/clickhouse_connect/driver/client.py", line 99, in __init__
[2026-02-20T03:35:12.063+0000] {subprocess.py:93} INFO -     self._init_common_settings(apply_server_timezone)
[2026-02-20T03:35:12.063+0000] {subprocess.py:93} INFO -   File "/home/***/.local/lib/python3.11/site-packages/clickhouse_connect/driver/client.py", line 104, in _init_common_settings
[2026-02-20T03:35:12.063+0000] {subprocess.py:93} INFO -     tuple(self.command('SELECT version(), timezone()', use_database=False))
[2026-02-20T03:35:12.064+0000] {subprocess.py:93} INFO -           ^^^^^^^^^^^^^^^^^^^^^^^^^^^^^^^^^^^^^^^^^^^^^^^^^^^^^^^^^^^^^^^^
[2026-02-20T03:35:12.064+0000] {subprocess.py:93} INFO -   File "/home/***/.local/lib/python3.11/site-packages/clickhouse_connect/driver/httpclient.py", line 428, in command
[2026-02-20T03:35:12.064+0000] {subprocess.py:93} INFO -     response = self._raw_request(payload, params, headers, method, fields=fields, server_wait=False)
[2026-02-20T03:35:12.064+0000] {subprocess.py:93} INFO -                ^^^^^^^^^^^^^^^^^^^^^^^^^^^^^^^^^^^^^^^^^^^^^^^^^^^^^^^^^^^^^^^^^^^^^^^^^^^^^^^^^^^^^
[2026-02-20T03:35:12.064+0000] {subprocess.py:93} INFO -   File "/home/***/.local/lib/python3.11/site-packages/clickhouse_connect/driver/httpclient.py", line 554, in _raw_request
[2026-02-20T03:35:12.065+0000] {subprocess.py:93} INFO -     raise OperationalError(f'Error {ex} executing HTTP request attempt {attempts}{err_url}') from ex
[2026-02-20T03:35:12.065+0000] {subprocess.py:93} INFO - clickhouse_connect.driver.exceptions.OperationalError: Error HTTPSConnectionPool(host='ch-new.callcourier.com.pk', port=443): Max retries exceeded with url: /?query_id=464472de-696f-4eff-9527-878184e4c231 (Caused by NameResolutionError("<urllib3.connection.HTTPSConnection object at 0x7c3e70929550>: Failed to resolve 'ch-new.callcourier.com.pk' ([Errno -3] Temporary failure in name resolution)")) executing HTTP request attempt 1 (https://ch-new.callcourier.com.pk:443)
[2026-02-20T03:35:12.142+0000] {subprocess.py:97} INFO - Command exited with return code 1
[2026-02-20T03:35:12.157+0000] {taskinstance.py:2698} ERROR - Task failed with exception
Traceback (most recent call last):
  File "/home/airflow/.local/lib/python3.11/site-packages/airflow/models/taskinstance.py", line 433, in _execute_task
    result = execute_callable(context=context, **execute_callable_kwargs)
             ^^^^^^^^^^^^^^^^^^^^^^^^^^^^^^^^^^^^^^^^^^^^^^^^^^^^^^^^^^^^
  File "/home/airflow/.local/lib/python3.11/site-packages/airflow/operators/bash.py", line 212, in execute
    raise AirflowException(
airflow.exceptions.AirflowException: Bash command failed. The command returned a non-zero exit code 1.
[2026-02-20T03:35:12.162+0000] {taskinstance.py:1138} INFO - Marking task as FAILED. dag_id=run_python_script_15min, task_id=run_script_with_bash, execution_date=20260220T031500, start_date=20260220T033506, end_date=20260220T033512
[2026-02-20T03:35:12.177+0000] {standard_task_runner.py:107} ERROR - Failed to execute job 185 for task run_script_with_bash (Bash command failed. The command returned a non-zero exit code 1.; 32895)
[2026-02-20T03:35:12.201+0000] {local_task_job_runner.py:234} INFO - Task exited with return code 1
[2026-02-20T03:35:12.219+0000] {taskinstance.py:3280} INFO - 0 downstream tasks scheduled from follow-on schedule check
